
Loaded 'libv3/all-terms.bf' from '/Users/danielgomezperez/miniconda3/envs/sm/lib/hyphy/TemplateBatchFiles/libv3/all-terms.bf'
Loaded 'libv3/UtilityFunctions.bf' from '/Users/danielgomezperez/miniconda3/envs/sm/lib/hyphy/TemplateBatchFiles/libv3/UtilityFunctions.bf'
Loaded 'IOFunctions.bf' from '/Users/danielgomezperez/miniconda3/envs/sm/lib/hyphy/TemplateBatchFiles/libv3/IOFunctions.bf'
Already loaded 'libv3/UtilityFunctions.bf' from /Users/danielgomezperez/miniconda3/envs/sm/lib/hyphy/TemplateBatchFiles/libv3/UtilityFunctions.bf
Loaded 'convenience/regexp.bf' from '/Users/danielgomezperez/miniconda3/envs/sm/lib/hyphy/TemplateBatchFiles/libv3/convenience/regexp.bf'
Already loaded 'libv3/all-terms.bf' from /Users/danielgomezperez/miniconda3/envs/sm/lib/hyphy/TemplateBatchFiles/libv3/all-terms.bf
Already loaded 'libv3/IOFunctions.bf' from /Users/danielgomezperez/miniconda3/envs/sm/lib/hyphy/TemplateBatchFiles/libv3/IOFunctions.bf
Loaded 'libv3/models/codon/MG_REV.bf' from '/Users/danielgomezperez/miniconda3/envs/sm/lib/hyphy/TemplateBatchFiles/libv3/models/codon/MG_REV.bf'
Loaded '../codon.bf' from '/Users/danielgomezperez/miniconda3/envs/sm/lib/hyphy/TemplateBatchFiles/libv3/models/codon.bf'
Loaded '../tasks/genetic_code.bf' from '/Users/danielgomezperez/miniconda3/envs/sm/lib/hyphy/TemplateBatchFiles/libv3/tasks/genetic_code.bf'
Loaded 'libv3/convenience/matrix.bf' from '/Users/danielgomezperez/miniconda3/envs/sm/lib/hyphy/TemplateBatchFiles/libv3/convenience/matrix.bf'
Already loaded 'libv3/UtilityFunctions.bf' from /Users/danielgomezperez/miniconda3/envs/sm/lib/hyphy/TemplateBatchFiles/libv3/UtilityFunctions.bf
Already loaded 'libv3/all-terms.bf' from /Users/danielgomezperez/miniconda3/envs/sm/lib/hyphy/TemplateBatchFiles/libv3/all-terms.bf
Already loaded '../UtilityFunctions.bf' from /Users/danielgomezperez/miniconda3/envs/sm/lib/hyphy/TemplateBatchFiles/libv3/UtilityFunctions.bf
Loaded '../DNA.bf' from '/Users/danielgomezperez/miniconda3/envs/sm/lib/hyphy/TemplateBatchFiles/libv3/models/DNA.bf'
Loaded 'frequencies.bf' from '/Users/danielgomezperez/miniconda3/envs/sm/lib/hyphy/TemplateBatchFiles/libv3/models/frequencies.bf'
Already loaded '../all-terms.bf' from /Users/danielgomezperez/miniconda3/envs/sm/lib/hyphy/TemplateBatchFiles/libv3/all-terms.bf
Loaded 'parameters.bf' from '/Users/danielgomezperez/miniconda3/envs/sm/lib/hyphy/TemplateBatchFiles/libv3/models/parameters.bf'
Loaded 'GrabBag' from '/Users/danielgomezperez/miniconda3/envs/sm/lib/hyphy/TemplateBatchFiles/Utility/GrabBag.bf'
Overwritten previously defined function:'_sortStringsAux'
Already loaded 'libv3/all-terms.bf' from /Users/danielgomezperez/miniconda3/envs/sm/lib/hyphy/TemplateBatchFiles/libv3/all-terms.bf
Already loaded '../UtilityFunctions.bf' from /Users/danielgomezperez/miniconda3/envs/sm/lib/hyphy/TemplateBatchFiles/libv3/UtilityFunctions.bf
Loaded 'model_functions.bf' from '/Users/danielgomezperez/miniconda3/envs/sm/lib/hyphy/TemplateBatchFiles/libv3/models/model_functions.bf'
Already loaded 'DNA.bf' from /Users/danielgomezperez/miniconda3/envs/sm/lib/hyphy/TemplateBatchFiles/libv3/models/DNA.bf
Already loaded 'parameters.bf' from /Users/danielgomezperez/miniconda3/envs/sm/lib/hyphy/TemplateBatchFiles/libv3/models/parameters.bf
Already loaded 'frequencies.bf' from /Users/danielgomezperez/miniconda3/envs/sm/lib/hyphy/TemplateBatchFiles/libv3/models/frequencies.bf
Already loaded '../UtilityFunctions.bf' from /Users/danielgomezperez/miniconda3/envs/sm/lib/hyphy/TemplateBatchFiles/libv3/UtilityFunctions.bf
Already loaded '../convenience/regexp.bf' from /Users/danielgomezperez/miniconda3/envs/sm/lib/hyphy/TemplateBatchFiles/libv3/convenience/regexp.bf
Already loaded 'libv3/all-terms.bf' from /Users/danielgomezperez/miniconda3/envs/sm/lib/hyphy/TemplateBatchFiles/libv3/all-terms.bf
Already loaded '../parameters.bf' from /Users/danielgomezperez/miniconda3/envs/sm/lib/hyphy/TemplateBatchFiles/libv3/models/parameters.bf
Already loaded '../frequencies.bf' from /Users/danielgomezperez/miniconda3/envs/sm/lib/hyphy/TemplateBatchFiles/libv3/models/frequencies.bf
Already loaded '../../UtilityFunctions.bf' from /Users/danielgomezperez/miniconda3/envs/sm/lib/hyphy/TemplateBatchFiles/libv3/UtilityFunctions.bf
Loaded 'libv3/tasks/estimators.bf' from '/Users/danielgomezperez/miniconda3/envs/sm/lib/hyphy/TemplateBatchFiles/libv3/tasks/estimators.bf'
Already loaded '../models/model_functions.bf' from /Users/danielgomezperez/miniconda3/envs/sm/lib/hyphy/TemplateBatchFiles/libv3/models/model_functions.bf
Loaded '../models/DNA/GTR.bf' from '/Users/danielgomezperez/miniconda3/envs/sm/lib/hyphy/TemplateBatchFiles/libv3/models/DNA/GTR.bf'
Already loaded '../DNA.bf' from /Users/danielgomezperez/miniconda3/envs/sm/lib/hyphy/TemplateBatchFiles/libv3/models/DNA.bf
Already loaded '../parameters.bf' from /Users/danielgomezperez/miniconda3/envs/sm/lib/hyphy/TemplateBatchFiles/libv3/models/parameters.bf
Already loaded '../frequencies.bf' from /Users/danielgomezperez/miniconda3/envs/sm/lib/hyphy/TemplateBatchFiles/libv3/models/frequencies.bf
Already loaded '../../UtilityFunctions.bf' from /Users/danielgomezperez/miniconda3/envs/sm/lib/hyphy/TemplateBatchFiles/libv3/UtilityFunctions.bf
Already loaded 'libv3/all-terms.bf' from /Users/danielgomezperez/miniconda3/envs/sm/lib/hyphy/TemplateBatchFiles/libv3/all-terms.bf
Already loaded '../convenience/regexp.bf' from /Users/danielgomezperez/miniconda3/envs/sm/lib/hyphy/TemplateBatchFiles/libv3/convenience/regexp.bf
Loaded 'mpi.bf' from '/Users/danielgomezperez/miniconda3/envs/sm/lib/hyphy/TemplateBatchFiles/libv3/tasks/mpi.bf'
Already loaded '../all-terms.bf' from /Users/danielgomezperez/miniconda3/envs/sm/lib/hyphy/TemplateBatchFiles/libv3/all-terms.bf
Already loaded '../models/parameters.bf' from /Users/danielgomezperez/miniconda3/envs/sm/lib/hyphy/TemplateBatchFiles/libv3/models/parameters.bf
Already loaded 'libv3/all-terms.bf' from /Users/danielgomezperez/miniconda3/envs/sm/lib/hyphy/TemplateBatchFiles/libv3/all-terms.bf
Loaded 'libv3/tasks/alignments.bf' from '/Users/danielgomezperez/miniconda3/envs/sm/lib/hyphy/TemplateBatchFiles/libv3/tasks/alignments.bf'
Already loaded '../IOFunctions.bf' from /Users/danielgomezperez/miniconda3/envs/sm/lib/hyphy/TemplateBatchFiles/libv3/IOFunctions.bf
Already loaded '../all-terms.bf' from /Users/danielgomezperez/miniconda3/envs/sm/lib/hyphy/TemplateBatchFiles/libv3/all-terms.bf
Loaded 'libv3/tasks/trees.bf' from '/Users/danielgomezperez/miniconda3/envs/sm/lib/hyphy/TemplateBatchFiles/libv3/tasks/trees.bf'
Already loaded '../IOFunctions.bf' from /Users/danielgomezperez/miniconda3/envs/sm/lib/hyphy/TemplateBatchFiles/libv3/IOFunctions.bf
Already loaded '../all-terms.bf' from /Users/danielgomezperez/miniconda3/envs/sm/lib/hyphy/TemplateBatchFiles/libv3/all-terms.bf
Already loaded '../convenience/regexp.bf' from /Users/danielgomezperez/miniconda3/envs/sm/lib/hyphy/TemplateBatchFiles/libv3/convenience/regexp.bf
Already loaded '../UtilityFunctions.bf' from /Users/danielgomezperez/miniconda3/envs/sm/lib/hyphy/TemplateBatchFiles/libv3/UtilityFunctions.bf
Loaded 'TreeTools' from '/Users/danielgomezperez/miniconda3/envs/sm/lib/hyphy/TemplateBatchFiles/TreeTools.ibf'
Loaded 'distances.bf' from '/Users/danielgomezperez/miniconda3/envs/sm/lib/hyphy/TemplateBatchFiles/libv3/tasks/distances.bf'
Already loaded '../IOFunctions.bf' from /Users/danielgomezperez/miniconda3/envs/sm/lib/hyphy/TemplateBatchFiles/libv3/IOFunctions.bf
Already loaded '../all-terms.bf' from /Users/danielgomezperez/miniconda3/envs/sm/lib/hyphy/TemplateBatchFiles/libv3/all-terms.bf
Already loaded '../models/frequencies.bf' from /Users/danielgomezperez/miniconda3/envs/sm/lib/hyphy/TemplateBatchFiles/libv3/models/frequencies.bf
Already loaded 'libv3/tasks/mpi.bf' from /Users/danielgomezperez/miniconda3/envs/sm/lib/hyphy/TemplateBatchFiles/libv3/tasks/mpi.bf
Loaded 'modules/io_functions.ibf' from '/Users/danielgomezperez/bioinf_tools/workflows/wsgups/../wsgups/.snakemake/conda/3e838fe3/lib/hyphy/TemplateBatchFiles/SelectionAnalyses/modules/io_functions.ibf'
Already loaded 'libv3/UtilityFunctions.bf' from /Users/danielgomezperez/miniconda3/envs/sm/lib/hyphy/TemplateBatchFiles/libv3/UtilityFunctions.bf
Already loaded 'libv3/IOFunctions.bf' from /Users/danielgomezperez/miniconda3/envs/sm/lib/hyphy/TemplateBatchFiles/libv3/IOFunctions.bf
Already loaded 'libv3/convenience/regexp.bf' from /Users/danielgomezperez/miniconda3/envs/sm/lib/hyphy/TemplateBatchFiles/libv3/convenience/regexp.bf
Already loaded 'libv3/all-terms.bf' from /Users/danielgomezperez/miniconda3/envs/sm/lib/hyphy/TemplateBatchFiles/libv3/all-terms.bf
Loaded 'modules/selection_lib.ibf' from '/Users/danielgomezperez/bioinf_tools/workflows/wsgups/../wsgups/.snakemake/conda/3e838fe3/lib/hyphy/TemplateBatchFiles/SelectionAnalyses/modules/selection_lib.ibf'
Loaded 'libv3/models/codon/BS_REL.bf' from '/Users/danielgomezperez/miniconda3/envs/sm/lib/hyphy/TemplateBatchFiles/libv3/models/codon/BS_REL.bf'
Already loaded '../codon.bf' from /Users/danielgomezperez/miniconda3/envs/sm/lib/hyphy/TemplateBatchFiles/libv3/models/codon.bf
Already loaded '../DNA.bf' from /Users/danielgomezperez/miniconda3/envs/sm/lib/hyphy/TemplateBatchFiles/libv3/models/DNA.bf
Already loaded '../parameters.bf' from /Users/danielgomezperez/miniconda3/envs/sm/lib/hyphy/TemplateBatchFiles/libv3/models/parameters.bf
Already loaded '../frequencies.bf' from /Users/danielgomezperez/miniconda3/envs/sm/lib/hyphy/TemplateBatchFiles/libv3/models/frequencies.bf
Already loaded '../../UtilityFunctions.bf' from /Users/danielgomezperez/miniconda3/envs/sm/lib/hyphy/TemplateBatchFiles/libv3/UtilityFunctions.bf
Already loaded 'MG_REV.bf' from /Users/danielgomezperez/miniconda3/envs/sm/lib/hyphy/TemplateBatchFiles/libv3/models/codon/MG_REV.bf
Loaded '../../convenience/math.bf' from '/Users/danielgomezperez/miniconda3/envs/sm/lib/hyphy/TemplateBatchFiles/libv3/convenience/math.bf'
Already loaded 'libv3/UtilityFunctions.bf' from /Users/danielgomezperez/miniconda3/envs/sm/lib/hyphy/TemplateBatchFiles/libv3/UtilityFunctions.bf
Already loaded 'libv3/convenience/math.bf' from /Users/danielgomezperez/miniconda3/envs/sm/lib/hyphy/TemplateBatchFiles/libv3/convenience/math.bf
Loaded 'libv3/convenience/random.bf' from '/Users/danielgomezperez/miniconda3/envs/sm/lib/hyphy/TemplateBatchFiles/libv3/convenience/random.bf'
Already loaded 'libv3/UtilityFunctions.bf' from /Users/danielgomezperez/miniconda3/envs/sm/lib/hyphy/TemplateBatchFiles/libv3/UtilityFunctions.bf
Variable 'NORMALIZE_SEQUENCE_NAMES' was not initialized prior to being used
Loaded 'modules/shared-load-file.bf' from '/Users/danielgomezperez/bioinf_tools/workflows/wsgups/../wsgups/.snakemake/conda/3e838fe3/lib/hyphy/TemplateBatchFiles/SelectionAnalyses/modules/shared-load-file.bf'
Variable 'MARKDOWN_OUTPUT' was not initialized prior to being used
Loaded 'modules/grid_compute.ibf' from '/Users/danielgomezperez/bioinf_tools/workflows/wsgups/../wsgups/.snakemake/conda/3e838fe3/lib/hyphy/TemplateBatchFiles/SelectionAnalyses/modules/grid_compute.ibf'
Already loaded 'libv3/convenience/matrix.bf' from /Users/danielgomezperez/miniconda3/envs/sm/lib/hyphy/TemplateBatchFiles/libv3/convenience/matrix.bf
Already loaded 'libv3/UtilityFunctions.bf' from /Users/danielgomezperez/miniconda3/envs/sm/lib/hyphy/TemplateBatchFiles/libv3/UtilityFunctions.bf
Variable 'oDtBGxsU.skipCodeSelectionStep' was not initialized prior to being used
Variable 'MioHeBii.PROMPT_FOR_FILE' was not initialized prior to being used
Variable 'DATA_FILE_PARTITION_MATRIX' was not initialized prior to being used
Row and/or column partition is empty. All the data will be used by default.
Variable 'NEXUS_FILE_TREE_MATRIX' was not initialized prior to being used
Variable 'utility.ToggleEnvVariable.cache' was not initialized prior to being used
Variable 'TREE_NODE_NAME_MAPPING' was not initialized prior to being used
Variable '_DO_TREE_REBALANCE_' was not initialized prior to being used
Variable '_KEEP_I_LABELS_' was not initialized prior to being used
Variable 'INCLUDE_MODEL_SPECS' was not initialized prior to being used
'flat_tree' is not a supported agrument type for DeleteObject(
'branch_lengths' is not a supported agrument type for DeleteObject(
'branch_names' is not a supported agrument type for DeleteObject(
'branch_count' is not a supported agrument type for DeleteObject(
Variable 'utility.ForEachPair.warn_non_reentrant' was not initialized prior to being used
Overwritten previously defined function:'utility.ForEachPair.CB'
Row and/or column partition is empty. All the data will be used by default.
Row and/or column partition is empty. All the data will be used by default.
Overwritten previously defined function:'utility.ForEachPair.CB'
Overwritten previously defined function:'utility.Map.CB'
Overwritten previously defined function:'utility.Map.CB'
Overwritten previously defined function:'utility.Map.CB'
Variable 'ZoBwGhBD.cache' was not initialized prior to being used
Overwritten previously defined function:'utility.ForEachPair.CB'
Row and/or column partition is empty. All the data will be used by default.
Variable 'COUNT_GAPS_IN_FREQUENCIES' was not initialized prior to being used
Variable 'NfwB_Twv.model_pi' was not initialized prior to being used
Model 'NfwB_Twv.model' assigned to 'XP_002894708_1'
Model 'NfwB_Twv.model' assigned to 'KUF81346_1'
Model 'NfwB_Twv.model' assigned to 'XP_008892750_1'
Model 'NfwB_Twv.model' assigned to 'Node2'
Model 'NfwB_Twv.model' assigned to 'RAW37985_1'
Model 'NfwB_Twv.model' assigned to 'OWZ23310_1'
Model 'NfwB_Twv.model' assigned to 'XP_009526695_1'
Model 'NfwB_Twv.model' assigned to 'Node7'
Model 'NfwB_Twv.model' assigned to 'Node5'
The tips of the tree:NfwB_Twv.tree_0 were matched with the species names from the data in the following numeric order (0-based) {3,0,5,2,1,4}

Pseudo-optimal path's cost 1329 vs 1945 for 1..k=> a 1.46351 x improvement
Partition 0 reversible model flag computed as 1
Variable 'USE_LAST_RESULTS' was not initialized prior to being used
models.generic.SetBranchLength: NfwB_Twv.tree_0.XP_002894708_1.t=0.7236924508892707
models.generic.SetBranchLength: NfwB_Twv.tree_0.KUF81346_1.t=1.341181929987621e-08
models.generic.SetBranchLength: NfwB_Twv.tree_0.XP_008892750_1.t=1.341181929987621e-08
models.generic.SetBranchLength: NfwB_Twv.tree_0.Node2.t=0.4018877350253686
models.generic.SetBranchLength: NfwB_Twv.tree_0.RAW37985_1.t=0.7153812752226028
models.generic.SetBranchLength: NfwB_Twv.tree_0.OWZ23310_1.t=0.8634061863357703
models.generic.SetBranchLength: NfwB_Twv.tree_0.XP_009526695_1.t=1.715332228199423
models.generic.SetBranchLength: NfwB_Twv.tree_0.Node7.t=0.3948334131336582
models.generic.SetBranchLength: NfwB_Twv.tree_0.Node5.t=0.1547214646779621
Variable 'SAVE_OPT_STATUS_TO' was not initialized prior to being used
Optimization settings:
	OPTIMIZATION_METHOD = hybrid
	OPTIMIZATION_PRECISION = 0.001
	MAXIMUM_ITERATIONS_PER_VARIABLE = 5000

Initial parameter values

NfwB_Twv.model.theta_CT = 1
NfwB_Twv.model.theta_GT = 0.25
NfwB_Twv.model.theta_CG = 0.25
NfwB_Twv.model.theta_AC = 0.25
NfwB_Twv.model.theta_AT = 0.25
NfwB_Twv.tree_0.XP_002894708_1.t = 0.7236924508892707
NfwB_Twv.tree_0.KUF81346_1.t = 1.341181929987621e-08
NfwB_Twv.tree_0.XP_008892750_1.t = 1.341181929987621e-08
NfwB_Twv.tree_0.Node2.t = 0.4018877350253686
NfwB_Twv.tree_0.RAW37985_1.t = 0.7153812752226028
NfwB_Twv.tree_0.OWZ23310_1.t = 0.8634061863357703
NfwB_Twv.tree_0.XP_009526695_1.t = 1.715332228199423
NfwB_Twv.tree_0.Node7.t = 0.3948334131336582
NfwB_Twv.tree_0.Node5.t = 0.1547214646779621
Optimization finished in 22 loop passes.
1053 likelihood evaluation calls and 5376 matrix exponentiations calls were made

Variable 'BRANCH_LENGTH_STENCIL' was not initialized prior to being used
Variable 'NfwB_Twv.option' was not initialized prior to being used
Overwritten previously defined function:'utility.Map.CB'
Overwritten previously defined function:'utility.Map.CB'
Variable 'fubar.terms.json.nucleotide_gtr' was not initialized prior to being used
Overwritten previously defined function:'utility.ForEachPair.CB'
Overwritten previously defined function:'utility.Map.CB'
Optimization settings:
	OPTIMIZATION_METHOD = hybrid
	OPTIMIZATION_PRECISION = 0.001
	MAXIMUM_ITERATIONS_PER_VARIABLE = 5000

Initial parameter values

frequencies._aux.CF3x4.p0_0 = 0.3204419889502763
frequencies._aux.CF3x4.p0_1 = 0.2536585365853659
frequencies._aux.CF3x4.p0_2 = 0.5860566448801744
frequencies._aux.CF3x4.p1_0 = 0.2972375690607735
frequencies._aux.CF3x4.p1_1 = 0.4323899371069183
frequencies._aux.CF3x4.p1_2 = 0.4321329639889196
frequencies._aux.CF3x4.p2_0 = 0.1701657458563536
frequencies._aux.CF3x4.p2_1 = 0.4340878828229028
frequencies._aux.CF3x4.p2_2 = 0.5552941176470588
Optimization finished in 7 loop passes.
306 likelihood evaluation calls and 0 matrix exponentiations calls were made

Overwritten previously defined function:'utility.Map.CB'
Variable 'fubar.codon_model_pi' was not initialized prior to being used
Overwritten previously defined function:'utility.Map.CB'
Overwritten previously defined function:'utility.ForEachPair.CB'
Model 'fubar.codon_model' assigned to 'XP_002894708_1'
Model 'fubar.codon_model' assigned to 'KUF81346_1'
Model 'fubar.codon_model' assigned to 'XP_008892750_1'
Model 'fubar.codon_model' assigned to 'Node2'
Model 'fubar.codon_model' assigned to 'RAW37985_1'
Model 'fubar.codon_model' assigned to 'OWZ23310_1'
Model 'fubar.codon_model' assigned to 'XP_009526695_1'
Model 'fubar.codon_model' assigned to 'Node7'
Model 'fubar.codon_model' assigned to 'Node5'
The tips of the tree:fubar.codon_tree_1 were matched with the species names from the data in the following numeric order (0-based) {3,0,5,2,1,4}

Pseudo-optimal path's cost 1298 vs 1500 for 1..k=> a 1.15562 x improvement
Partition 0 reversible model flag computed as 1
fubar.codon_model.theta_AG was already constrained in estimators.SetGlobals2
Overwritten previously defined function:'utility.Map.CB'
Variable 'MPI_NODE_COUNT' was not initialized prior to being used
Overwritten previously defined function:'utility.ForEachPair.CB'
Site 2 evaluated to a 0 probability in ComputeTreeBlockByBranch
Overwritten previously defined function:'utility.ForEachPair.CB'
Overwritten previously defined function:'utility.ForEachPair.CB'
Overwritten previously defined function:'utility.ForEachPair.CB'
Overwritten previously defined function:'utility.ForEachPair.CB'
Overwritten previously defined function:'utility.ForEachPair.CB'
Overwritten previously defined function:'utility.ForEachPair.CB'
Overwritten previously defined function:'utility.ForEachPair.CB'
Overwritten previously defined function:'utility.ForEachPair.CB'
Overwritten previously defined function:'utility.ForEachPair.CB'
Overwritten previously defined function:'utility.ForEachPair.CB'
Overwritten previously defined function:'utility.ForEachPair.CB'
Overwritten previously defined function:'utility.ForEachPair.CB'
Overwritten previously defined function:'utility.ForEachPair.CB'
Overwritten previously defined function:'utility.ForEachPair.CB'
Overwritten previously defined function:'utility.ForEachPair.CB'
Overwritten previously defined function:'utility.ForEachPair.CB'
Overwritten previously defined function:'utility.ForEachPair.CB'
Overwritten previously defined function:'utility.ForEachPair.CB'
Overwritten previously defined function:'utility.ForEachPair.CB'
Overwritten previously defined function:'utility.ForEachPair.CB'
Site 2 evaluated to a 0 probability in ComputeTreeBlockByBranch
Overwritten previously defined function:'utility.ForEachPair.CB'
Overwritten previously defined function:'utility.ForEachPair.CB'
Overwritten previously defined function:'utility.ForEachPair.CB'
Overwritten previously defined function:'utility.ForEachPair.CB'
Overwritten previously defined function:'utility.ForEachPair.CB'
Overwritten previously defined function:'utility.ForEachPair.CB'
Overwritten previously defined function:'utility.ForEachPair.CB'
Overwritten previously defined function:'utility.ForEachPair.CB'
Overwritten previously defined function:'utility.ForEachPair.CB'
Overwritten previously defined function:'utility.ForEachPair.CB'
Overwritten previously defined function:'utility.ForEachPair.CB'
Overwritten previously defined function:'utility.ForEachPair.CB'
Overwritten previously defined function:'utility.ForEachPair.CB'
Overwritten previously defined function:'utility.ForEachPair.CB'
Overwritten previously defined function:'utility.ForEachPair.CB'
Overwritten previously defined function:'utility.ForEachPair.CB'
Overwritten previously defined function:'utility.ForEachPair.CB'
Overwritten previously defined function:'utility.ForEachPair.CB'
Overwritten previously defined function:'utility.ForEachPair.CB'
Overwritten previously defined function:'utility.ForEachPair.CB'
Site 2 evaluated to a 0 probability in ComputeTreeBlockByBranch
Overwritten previously defined function:'utility.ForEachPair.CB'
Overwritten previously defined function:'utility.ForEachPair.CB'
Overwritten previously defined function:'utility.ForEachPair.CB'
Overwritten previously defined function:'utility.ForEachPair.CB'
Overwritten previously defined function:'utility.ForEachPair.CB'
Overwritten previously defined function:'utility.ForEachPair.CB'
Overwritten previously defined function:'utility.ForEachPair.CB'
Overwritten previously defined function:'utility.ForEachPair.CB'
Overwritten previously defined function:'utility.ForEachPair.CB'
Overwritten previously defined function:'utility.ForEachPair.CB'
Overwritten previously defined function:'utility.ForEachPair.CB'
Overwritten previously defined function:'utility.ForEachPair.CB'
Overwritten previously defined function:'utility.ForEachPair.CB'
Overwritten previously defined function:'utility.ForEachPair.CB'
Overwritten previously defined function:'utility.ForEachPair.CB'
Overwritten previously defined function:'utility.ForEachPair.CB'
Overwritten previously defined function:'utility.ForEachPair.CB'
Overwritten previously defined function:'utility.ForEachPair.CB'
Overwritten previously defined function:'utility.ForEachPair.CB'
Overwritten previously defined function:'utility.ForEachPair.CB'
Site 2 evaluated to a 0 probability in ComputeTreeBlockByBranch
Overwritten previously defined function:'utility.ForEachPair.CB'
Overwritten previously defined function:'utility.ForEachPair.CB'
Overwritten previously defined function:'utility.ForEachPair.CB'
Overwritten previously defined function:'utility.ForEachPair.CB'
Overwritten previously defined function:'utility.ForEachPair.CB'
Overwritten previously defined function:'utility.ForEachPair.CB'
Overwritten previously defined function:'utility.ForEachPair.CB'
Overwritten previously defined function:'utility.ForEachPair.CB'
Overwritten previously defined function:'utility.ForEachPair.CB'
Overwritten previously defined function:'utility.ForEachPair.CB'
Overwritten previously defined function:'utility.ForEachPair.CB'
Overwritten previously defined function:'utility.ForEachPair.CB'
Overwritten previously defined function:'utility.ForEachPair.CB'
Overwritten previously defined function:'utility.ForEachPair.CB'
Overwritten previously defined function:'utility.ForEachPair.CB'
Overwritten previously defined function:'utility.ForEachPair.CB'
Overwritten previously defined function:'utility.ForEachPair.CB'
Overwritten previously defined function:'utility.ForEachPair.CB'
Overwritten previously defined function:'utility.ForEachPair.CB'
Overwritten previously defined function:'utility.ForEachPair.CB'
Site 2 evaluated to a 0 probability in ComputeTreeBlockByBranch
Overwritten previously defined function:'utility.ForEachPair.CB'
Overwritten previously defined function:'utility.ForEachPair.CB'
Overwritten previously defined function:'utility.ForEachPair.CB'
Overwritten previously defined function:'utility.ForEachPair.CB'
Overwritten previously defined function:'utility.ForEachPair.CB'
Overwritten previously defined function:'utility.ForEachPair.CB'
Overwritten previously defined function:'utility.ForEachPair.CB'
Overwritten previously defined function:'utility.ForEachPair.CB'
Overwritten previously defined function:'utility.ForEachPair.CB'
Overwritten previously defined function:'utility.ForEachPair.CB'
Overwritten previously defined function:'utility.ForEachPair.CB'
Overwritten previously defined function:'utility.ForEachPair.CB'
Overwritten previously defined function:'utility.ForEachPair.CB'
Overwritten previously defined function:'utility.ForEachPair.CB'
Overwritten previously defined function:'utility.ForEachPair.CB'
Overwritten previously defined function:'utility.ForEachPair.CB'
Overwritten previously defined function:'utility.ForEachPair.CB'
Overwritten previously defined function:'utility.ForEachPair.CB'
Overwritten previously defined function:'utility.ForEachPair.CB'
Overwritten previously defined function:'utility.ForEachPair.CB'
Site 2 evaluated to a 0 probability in ComputeTreeBlockByBranch
Overwritten previously defined function:'utility.ForEachPair.CB'
Overwritten previously defined function:'utility.ForEachPair.CB'
Overwritten previously defined function:'utility.ForEachPair.CB'
Overwritten previously defined function:'utility.ForEachPair.CB'
Overwritten previously defined function:'utility.ForEachPair.CB'
Overwritten previously defined function:'utility.ForEachPair.CB'
Overwritten previously defined function:'utility.ForEachPair.CB'
Overwritten previously defined function:'utility.ForEachPair.CB'
Overwritten previously defined function:'utility.ForEachPair.CB'
Overwritten previously defined function:'utility.ForEachPair.CB'
Overwritten previously defined function:'utility.ForEachPair.CB'
Overwritten previously defined function:'utility.ForEachPair.CB'
Overwritten previously defined function:'utility.ForEachPair.CB'
Overwritten previously defined function:'utility.ForEachPair.CB'
Overwritten previously defined function:'utility.ForEachPair.CB'
Overwritten previously defined function:'utility.ForEachPair.CB'
Overwritten previously defined function:'utility.ForEachPair.CB'
Overwritten previously defined function:'utility.ForEachPair.CB'
Overwritten previously defined function:'utility.ForEachPair.CB'
Overwritten previously defined function:'utility.ForEachPair.CB'
Site 2 evaluated to a 0 probability in ComputeTreeBlockByBranch
Overwritten previously defined function:'utility.ForEachPair.CB'
Overwritten previously defined function:'utility.ForEachPair.CB'
Overwritten previously defined function:'utility.ForEachPair.CB'
Overwritten previously defined function:'utility.ForEachPair.CB'
Overwritten previously defined function:'utility.ForEachPair.CB'
Overwritten previously defined function:'utility.ForEachPair.CB'
Overwritten previously defined function:'utility.ForEachPair.CB'
Overwritten previously defined function:'utility.ForEachPair.CB'
Overwritten previously defined function:'utility.ForEachPair.CB'
Overwritten previously defined function:'utility.ForEachPair.CB'
Overwritten previously defined function:'utility.ForEachPair.CB'
Overwritten previously defined function:'utility.ForEachPair.CB'
Overwritten previously defined function:'utility.ForEachPair.CB'
Overwritten previously defined function:'utility.ForEachPair.CB'
Overwritten previously defined function:'utility.ForEachPair.CB'
Overwritten previously defined function:'utility.ForEachPair.CB'
Overwritten previously defined function:'utility.ForEachPair.CB'
Overwritten previously defined function:'utility.ForEachPair.CB'
Overwritten previously defined function:'utility.ForEachPair.CB'
Overwritten previously defined function:'utility.ForEachPair.CB'
Site 2 evaluated to a 0 probability in ComputeTreeBlockByBranch
Overwritten previously defined function:'utility.ForEachPair.CB'
Overwritten previously defined function:'utility.ForEachPair.CB'
Overwritten previously defined function:'utility.ForEachPair.CB'
Overwritten previously defined function:'utility.ForEachPair.CB'
Overwritten previously defined function:'utility.ForEachPair.CB'
Overwritten previously defined function:'utility.ForEachPair.CB'
Overwritten previously defined function:'utility.ForEachPair.CB'
Overwritten previously defined function:'utility.ForEachPair.CB'
Overwritten previously defined function:'utility.ForEachPair.CB'
Overwritten previously defined function:'utility.ForEachPair.CB'
Overwritten previously defined function:'utility.ForEachPair.CB'
Overwritten previously defined function:'utility.ForEachPair.CB'
Overwritten previously defined function:'utility.ForEachPair.CB'
Overwritten previously defined function:'utility.ForEachPair.CB'
Overwritten previously defined function:'utility.ForEachPair.CB'
Overwritten previously defined function:'utility.ForEachPair.CB'
Overwritten previously defined function:'utility.ForEachPair.CB'
Overwritten previously defined function:'utility.ForEachPair.CB'
Overwritten previously defined function:'utility.ForEachPair.CB'
Overwritten previously defined function:'utility.ForEachPair.CB'
Site 2 evaluated to a 0 probability in ComputeTreeBlockByBranch
Overwritten previously defined function:'utility.ForEachPair.CB'
Overwritten previously defined function:'utility.ForEachPair.CB'
Overwritten previously defined function:'utility.ForEachPair.CB'
Overwritten previously defined function:'utility.ForEachPair.CB'
Overwritten previously defined function:'utility.ForEachPair.CB'
Overwritten previously defined function:'utility.ForEachPair.CB'
Overwritten previously defined function:'utility.ForEachPair.CB'
Overwritten previously defined function:'utility.ForEachPair.CB'
Overwritten previously defined function:'utility.ForEachPair.CB'
Overwritten previously defined function:'utility.ForEachPair.CB'
Overwritten previously defined function:'utility.ForEachPair.CB'
Overwritten previously defined function:'utility.ForEachPair.CB'
Overwritten previously defined function:'utility.ForEachPair.CB'
Overwritten previously defined function:'utility.ForEachPair.CB'
Overwritten previously defined function:'utility.ForEachPair.CB'
Overwritten previously defined function:'utility.ForEachPair.CB'
Overwritten previously defined function:'utility.ForEachPair.CB'
Overwritten previously defined function:'utility.ForEachPair.CB'
Overwritten previously defined function:'utility.ForEachPair.CB'
Overwritten previously defined function:'utility.ForEachPair.CB'
Site 2 evaluated to a 0 probability in ComputeTreeBlockByBranch
Overwritten previously defined function:'utility.ForEachPair.CB'
Overwritten previously defined function:'utility.ForEachPair.CB'
Overwritten previously defined function:'utility.ForEachPair.CB'
Overwritten previously defined function:'utility.ForEachPair.CB'
Overwritten previously defined function:'utility.ForEachPair.CB'
Overwritten previously defined function:'utility.ForEachPair.CB'
Overwritten previously defined function:'utility.ForEachPair.CB'
Overwritten previously defined function:'utility.ForEachPair.CB'
Overwritten previously defined function:'utility.ForEachPair.CB'
Overwritten previously defined function:'utility.ForEachPair.CB'
Overwritten previously defined function:'utility.ForEachPair.CB'
Overwritten previously defined function:'utility.ForEachPair.CB'
Overwritten previously defined function:'utility.ForEachPair.CB'
Overwritten previously defined function:'utility.ForEachPair.CB'
Overwritten previously defined function:'utility.ForEachPair.CB'
Overwritten previously defined function:'utility.ForEachPair.CB'
Overwritten previously defined function:'utility.ForEachPair.CB'
Overwritten previously defined function:'utility.ForEachPair.CB'
Overwritten previously defined function:'utility.ForEachPair.CB'
Overwritten previously defined function:'utility.ForEachPair.CB'
Site 2 evaluated to a 0 probability in ComputeTreeBlockByBranch
Overwritten previously defined function:'utility.ForEachPair.CB'
Overwritten previously defined function:'utility.ForEachPair.CB'
Overwritten previously defined function:'utility.ForEachPair.CB'
Overwritten previously defined function:'utility.ForEachPair.CB'
Overwritten previously defined function:'utility.ForEachPair.CB'
Overwritten previously defined function:'utility.ForEachPair.CB'
Overwritten previously defined function:'utility.ForEachPair.CB'
Overwritten previously defined function:'utility.ForEachPair.CB'
Overwritten previously defined function:'utility.ForEachPair.CB'
Overwritten previously defined function:'utility.ForEachPair.CB'
Overwritten previously defined function:'utility.ForEachPair.CB'
Overwritten previously defined function:'utility.ForEachPair.CB'
Overwritten previously defined function:'utility.ForEachPair.CB'
Overwritten previously defined function:'utility.ForEachPair.CB'
Overwritten previously defined function:'utility.ForEachPair.CB'
Overwritten previously defined function:'utility.ForEachPair.CB'
Overwritten previously defined function:'utility.ForEachPair.CB'
Overwritten previously defined function:'utility.ForEachPair.CB'
Overwritten previously defined function:'utility.ForEachPair.CB'
Overwritten previously defined function:'utility.ForEachPair.CB'
Site 2 evaluated to a 0 probability in ComputeTreeBlockByBranch
Overwritten previously defined function:'utility.ForEachPair.CB'
Overwritten previously defined function:'utility.ForEachPair.CB'
Overwritten previously defined function:'utility.ForEachPair.CB'
Overwritten previously defined function:'utility.ForEachPair.CB'
Overwritten previously defined function:'utility.ForEachPair.CB'
Overwritten previously defined function:'utility.ForEachPair.CB'
Overwritten previously defined function:'utility.ForEachPair.CB'
Overwritten previously defined function:'utility.ForEachPair.CB'
Overwritten previously defined function:'utility.ForEachPair.CB'
Overwritten previously defined function:'utility.ForEachPair.CB'
Overwritten previously defined function:'utility.ForEachPair.CB'
Overwritten previously defined function:'utility.ForEachPair.CB'
Overwritten previously defined function:'utility.ForEachPair.CB'
Overwritten previously defined function:'utility.ForEachPair.CB'
Overwritten previously defined function:'utility.ForEachPair.CB'
Overwritten previously defined function:'utility.ForEachPair.CB'
Overwritten previously defined function:'utility.ForEachPair.CB'
Overwritten previously defined function:'utility.ForEachPair.CB'
Overwritten previously defined function:'utility.ForEachPair.CB'
Overwritten previously defined function:'utility.ForEachPair.CB'
Site 2 evaluated to a 0 probability in ComputeTreeBlockByBranch
Overwritten previously defined function:'utility.ForEachPair.CB'
Overwritten previously defined function:'utility.ForEachPair.CB'
Overwritten previously defined function:'utility.ForEachPair.CB'
Overwritten previously defined function:'utility.ForEachPair.CB'
Overwritten previously defined function:'utility.ForEachPair.CB'
Overwritten previously defined function:'utility.ForEachPair.CB'
Overwritten previously defined function:'utility.ForEachPair.CB'
Overwritten previously defined function:'utility.ForEachPair.CB'
Overwritten previously defined function:'utility.ForEachPair.CB'
Overwritten previously defined function:'utility.ForEachPair.CB'
Overwritten previously defined function:'utility.ForEachPair.CB'
Overwritten previously defined function:'utility.ForEachPair.CB'
Overwritten previously defined function:'utility.ForEachPair.CB'
Overwritten previously defined function:'utility.ForEachPair.CB'
Overwritten previously defined function:'utility.ForEachPair.CB'
Overwritten previously defined function:'utility.ForEachPair.CB'
Overwritten previously defined function:'utility.ForEachPair.CB'
Overwritten previously defined function:'utility.ForEachPair.CB'
Overwritten previously defined function:'utility.ForEachPair.CB'
Overwritten previously defined function:'utility.ForEachPair.CB'
Site 2 evaluated to a 0 probability in ComputeTreeBlockByBranch
Overwritten previously defined function:'utility.ForEachPair.CB'
Overwritten previously defined function:'utility.ForEachPair.CB'
Overwritten previously defined function:'utility.ForEachPair.CB'
Overwritten previously defined function:'utility.ForEachPair.CB'
Overwritten previously defined function:'utility.ForEachPair.CB'
Overwritten previously defined function:'utility.ForEachPair.CB'
Overwritten previously defined function:'utility.ForEachPair.CB'
Overwritten previously defined function:'utility.ForEachPair.CB'
Overwritten previously defined function:'utility.ForEachPair.CB'
Overwritten previously defined function:'utility.ForEachPair.CB'
Overwritten previously defined function:'utility.ForEachPair.CB'
Overwritten previously defined function:'utility.ForEachPair.CB'
Overwritten previously defined function:'utility.ForEachPair.CB'
Overwritten previously defined function:'utility.ForEachPair.CB'
Overwritten previously defined function:'utility.ForEachPair.CB'
Overwritten previously defined function:'utility.ForEachPair.CB'
Overwritten previously defined function:'utility.ForEachPair.CB'
Overwritten previously defined function:'utility.ForEachPair.CB'
Overwritten previously defined function:'utility.ForEachPair.CB'
Overwritten previously defined function:'utility.ForEachPair.CB'
Site 2 evaluated to a 0 probability in ComputeTreeBlockByBranch
Overwritten previously defined function:'utility.ForEachPair.CB'
Overwritten previously defined function:'utility.ForEachPair.CB'
Overwritten previously defined function:'utility.ForEachPair.CB'
Overwritten previously defined function:'utility.ForEachPair.CB'
Overwritten previously defined function:'utility.ForEachPair.CB'
Overwritten previously defined function:'utility.ForEachPair.CB'
Overwritten previously defined function:'utility.ForEachPair.CB'
Overwritten previously defined function:'utility.ForEachPair.CB'
Overwritten previously defined function:'utility.ForEachPair.CB'
Overwritten previously defined function:'utility.ForEachPair.CB'
Overwritten previously defined function:'utility.ForEachPair.CB'
Overwritten previously defined function:'utility.ForEachPair.CB'
Overwritten previously defined function:'utility.ForEachPair.CB'
Overwritten previously defined function:'utility.ForEachPair.CB'
Overwritten previously defined function:'utility.ForEachPair.CB'
Overwritten previously defined function:'utility.ForEachPair.CB'
Overwritten previously defined function:'utility.ForEachPair.CB'
Overwritten previously defined function:'utility.ForEachPair.CB'
Overwritten previously defined function:'utility.ForEachPair.CB'
Overwritten previously defined function:'utility.ForEachPair.CB'
Site 2 evaluated to a 0 probability in ComputeTreeBlockByBranch
Overwritten previously defined function:'utility.ForEachPair.CB'
Overwritten previously defined function:'utility.ForEachPair.CB'
Overwritten previously defined function:'utility.ForEachPair.CB'
Overwritten previously defined function:'utility.ForEachPair.CB'
Overwritten previously defined function:'utility.ForEachPair.CB'
Overwritten previously defined function:'utility.ForEachPair.CB'
Overwritten previously defined function:'utility.ForEachPair.CB'
Overwritten previously defined function:'utility.ForEachPair.CB'
Overwritten previously defined function:'utility.ForEachPair.CB'
Overwritten previously defined function:'utility.ForEachPair.CB'
Overwritten previously defined function:'utility.ForEachPair.CB'
Overwritten previously defined function:'utility.ForEachPair.CB'
Overwritten previously defined function:'utility.ForEachPair.CB'
Overwritten previously defined function:'utility.ForEachPair.CB'
Overwritten previously defined function:'utility.ForEachPair.CB'
Overwritten previously defined function:'utility.ForEachPair.CB'
Overwritten previously defined function:'utility.ForEachPair.CB'
Overwritten previously defined function:'utility.ForEachPair.CB'
Overwritten previously defined function:'utility.ForEachPair.CB'
Overwritten previously defined function:'utility.ForEachPair.CB'
Site 2 evaluated to a 0 probability in ComputeTreeBlockByBranch
Overwritten previously defined function:'utility.ForEachPair.CB'
Overwritten previously defined function:'utility.ForEachPair.CB'
Overwritten previously defined function:'utility.ForEachPair.CB'
Overwritten previously defined function:'utility.ForEachPair.CB'
Overwritten previously defined function:'utility.ForEachPair.CB'
Overwritten previously defined function:'utility.ForEachPair.CB'
Overwritten previously defined function:'utility.ForEachPair.CB'
Overwritten previously defined function:'utility.ForEachPair.CB'
Overwritten previously defined function:'utility.ForEachPair.CB'
Overwritten previously defined function:'utility.ForEachPair.CB'
Overwritten previously defined function:'utility.ForEachPair.CB'
Overwritten previously defined function:'utility.ForEachPair.CB'
Overwritten previously defined function:'utility.ForEachPair.CB'
Overwritten previously defined function:'utility.ForEachPair.CB'
Overwritten previously defined function:'utility.ForEachPair.CB'
Overwritten previously defined function:'utility.ForEachPair.CB'
Overwritten previously defined function:'utility.ForEachPair.CB'
Overwritten previously defined function:'utility.ForEachPair.CB'
Overwritten previously defined function:'utility.ForEachPair.CB'
Overwritten previously defined function:'utility.ForEachPair.CB'
Site 2 evaluated to a 0 probability in ComputeTreeBlockByBranch
Overwritten previously defined function:'utility.ForEachPair.CB'
Overwritten previously defined function:'utility.ForEachPair.CB'
Overwritten previously defined function:'utility.ForEachPair.CB'
Overwritten previously defined function:'utility.ForEachPair.CB'
Overwritten previously defined function:'utility.ForEachPair.CB'
Overwritten previously defined function:'utility.ForEachPair.CB'
Overwritten previously defined function:'utility.ForEachPair.CB'
Overwritten previously defined function:'utility.ForEachPair.CB'
Overwritten previously defined function:'utility.ForEachPair.CB'
Overwritten previously defined function:'utility.ForEachPair.CB'
Overwritten previously defined function:'utility.ForEachPair.CB'
Overwritten previously defined function:'utility.ForEachPair.CB'
Overwritten previously defined function:'utility.ForEachPair.CB'
Overwritten previously defined function:'utility.ForEachPair.CB'
Overwritten previously defined function:'utility.ForEachPair.CB'
Overwritten previously defined function:'utility.ForEachPair.CB'
Overwritten previously defined function:'utility.ForEachPair.CB'
Overwritten previously defined function:'utility.ForEachPair.CB'
Overwritten previously defined function:'utility.ForEachPair.CB'
Overwritten previously defined function:'utility.ForEachPair.CB'
Site 2 evaluated to a 0 probability in ComputeTreeBlockByBranch
Overwritten previously defined function:'utility.ForEachPair.CB'
Overwritten previously defined function:'utility.ForEachPair.CB'
Overwritten previously defined function:'utility.ForEachPair.CB'
Overwritten previously defined function:'utility.ForEachPair.CB'
Overwritten previously defined function:'utility.ForEachPair.CB'
Overwritten previously defined function:'utility.ForEachPair.CB'
Overwritten previously defined function:'utility.ForEachPair.CB'
Overwritten previously defined function:'utility.ForEachPair.CB'
Overwritten previously defined function:'utility.ForEachPair.CB'
Overwritten previously defined function:'utility.ForEachPair.CB'
Overwritten previously defined function:'utility.ForEachPair.CB'
Overwritten previously defined function:'utility.ForEachPair.CB'
Overwritten previously defined function:'utility.ForEachPair.CB'
Overwritten previously defined function:'utility.ForEachPair.CB'
Overwritten previously defined function:'utility.ForEachPair.CB'
Overwritten previously defined function:'utility.ForEachPair.CB'
Overwritten previously defined function:'utility.ForEachPair.CB'
Overwritten previously defined function:'utility.ForEachPair.CB'
Overwritten previously defined function:'utility.ForEachPair.CB'
Overwritten previously defined function:'utility.ForEachPair.CB'
Site 2 evaluated to a 0 probability in ComputeTreeBlockByBranch
Overwritten previously defined function:'utility.ForEachPair.CB'
Overwritten previously defined function:'utility.ForEachPair.CB'
Overwritten previously defined function:'utility.ForEachPair.CB'
Overwritten previously defined function:'utility.ForEachPair.CB'
Overwritten previously defined function:'utility.ForEachPair.CB'
Overwritten previously defined function:'utility.ForEachPair.CB'
Overwritten previously defined function:'utility.ForEachPair.CB'
Overwritten previously defined function:'utility.ForEachPair.CB'
Overwritten previously defined function:'utility.ForEachPair.CB'
Overwritten previously defined function:'utility.ForEachPair.CB'
Overwritten previously defined function:'utility.ForEachPair.CB'
Overwritten previously defined function:'utility.ForEachPair.CB'
Overwritten previously defined function:'utility.ForEachPair.CB'
Overwritten previously defined function:'utility.ForEachPair.CB'
Overwritten previously defined function:'utility.ForEachPair.CB'
Overwritten previously defined function:'utility.ForEachPair.CB'
Overwritten previously defined function:'utility.ForEachPair.CB'
Overwritten previously defined function:'utility.ForEachPair.CB'
Overwritten previously defined function:'utility.ForEachPair.CB'
Overwritten previously defined function:'utility.Map.CB'
Overwritten previously defined function:'utility.ForEachPair.CB'
fubar.codon_model.theta_AG was already constrained in estimators.SetGlobals2
Overwritten previously defined function:'utility.Map.CB'
Overwritten previously defined function:'utility.ForEachPair.CB'
Overwritten previously defined function:'utility.ForEachPair.CB'
Overwritten previously defined function:'utility.ForEachPair.CB'
Overwritten previously defined function:'utility.ForEachPair.CB'
Overwritten previously defined function:'utility.ForEachPair.CB'
Overwritten previously defined function:'utility.ForEachPair.CB'
Overwritten previously defined function:'utility.ForEachPair.CB'
Overwritten previously defined function:'utility.ForEachPair.CB'
Overwritten previously defined function:'utility.ForEachPair.CB'
Overwritten previously defined function:'utility.ForEachPair.CB'
Overwritten previously defined function:'utility.ForEachPair.CB'
Overwritten previously defined function:'utility.ForEachPair.CB'
Overwritten previously defined function:'utility.ForEachPair.CB'
Overwritten previously defined function:'utility.ForEachPair.CB'
Overwritten previously defined function:'utility.ForEachPair.CB'
Overwritten previously defined function:'utility.ForEachPair.CB'
Overwritten previously defined function:'utility.ForEachPair.CB'
Overwritten previously defined function:'utility.ForEachPair.CB'
Overwritten previously defined function:'utility.ForEachPair.CB'
Overwritten previously defined function:'utility.ForEachPair.CB'
Overwritten previously defined function:'utility.ForEachPair.CB'
Overwritten previously defined function:'utility.ForEachPair.CB'
Overwritten previously defined function:'utility.ForEachPair.CB'
Overwritten previously defined function:'utility.ForEachPair.CB'
Overwritten previously defined function:'utility.ForEachPair.CB'
Overwritten previously defined function:'utility.ForEachPair.CB'
Overwritten previously defined function:'utility.ForEachPair.CB'
Overwritten previously defined function:'utility.ForEachPair.CB'
Overwritten previously defined function:'utility.ForEachPair.CB'
Overwritten previously defined function:'utility.ForEachPair.CB'
Overwritten previously defined function:'utility.ForEachPair.CB'
Overwritten previously defined function:'utility.ForEachPair.CB'
Overwritten previously defined function:'utility.ForEachPair.CB'
Overwritten previously defined function:'utility.ForEachPair.CB'
Overwritten previously defined function:'utility.ForEachPair.CB'
Overwritten previously defined function:'utility.ForEachPair.CB'
Overwritten previously defined function:'utility.ForEachPair.CB'
Overwritten previously defined function:'utility.ForEachPair.CB'
Overwritten previously defined function:'utility.ForEachPair.CB'
Overwritten previously defined function:'utility.ForEachPair.CB'
Overwritten previously defined function:'utility.ForEachPair.CB'
Overwritten previously defined function:'utility.ForEachPair.CB'
Overwritten previously defined function:'utility.ForEachPair.CB'
Overwritten previously defined function:'utility.ForEachPair.CB'
Overwritten previously defined function:'utility.ForEachPair.CB'
Overwritten previously defined function:'utility.ForEachPair.CB'
Overwritten previously defined function:'utility.ForEachPair.CB'
Overwritten previously defined function:'utility.ForEachPair.CB'
Overwritten previously defined function:'utility.ForEachPair.CB'
Overwritten previously defined function:'utility.ForEachPair.CB'
Overwritten previously defined function:'utility.ForEachPair.CB'
Overwritten previously defined function:'utility.ForEachPair.CB'
Overwritten previously defined function:'utility.ForEachPair.CB'
Overwritten previously defined function:'utility.ForEachPair.CB'
Overwritten previously defined function:'utility.ForEachPair.CB'
Overwritten previously defined function:'utility.ForEachPair.CB'
Overwritten previously defined function:'utility.ForEachPair.CB'
Overwritten previously defined function:'utility.ForEachPair.CB'
Overwritten previously defined function:'utility.ForEachPair.CB'
Overwritten previously defined function:'utility.ForEachPair.CB'
Overwritten previously defined function:'utility.ForEachPair.CB'
Overwritten previously defined function:'utility.ForEachPair.CB'
Overwritten previously defined function:'utility.ForEachPair.CB'
Overwritten previously defined function:'utility.ForEachPair.CB'
Overwritten previously defined function:'utility.ForEachPair.CB'
Overwritten previously defined function:'utility.ForEachPair.CB'
Overwritten previously defined function:'utility.ForEachPair.CB'
Overwritten previously defined function:'utility.ForEachPair.CB'
Overwritten previously defined function:'utility.ForEachPair.CB'
Overwritten previously defined function:'utility.ForEachPair.CB'
Overwritten previously defined function:'utility.ForEachPair.CB'
Overwritten previously defined function:'utility.ForEachPair.CB'
Overwritten previously defined function:'utility.ForEachPair.CB'
Overwritten previously defined function:'utility.ForEachPair.CB'
Overwritten previously defined function:'utility.ForEachPair.CB'
Overwritten previously defined function:'utility.ForEachPair.CB'
Overwritten previously defined function:'utility.ForEachPair.CB'
Overwritten previously defined function:'utility.ForEachPair.CB'
Overwritten previously defined function:'utility.ForEachPair.CB'
Overwritten previously defined function:'utility.ForEachPair.CB'
Overwritten previously defined function:'utility.ForEachPair.CB'
Overwritten previously defined function:'utility.ForEachPair.CB'
Overwritten previously defined function:'utility.ForEachPair.CB'
Overwritten previously defined function:'utility.ForEachPair.CB'
Overwritten previously defined function:'utility.ForEachPair.CB'
Overwritten previously defined function:'utility.ForEachPair.CB'
Overwritten previously defined function:'utility.ForEachPair.CB'
Overwritten previously defined function:'utility.ForEachPair.CB'
Overwritten previously defined function:'utility.ForEachPair.CB'
Overwritten previously defined function:'utility.ForEachPair.CB'
Overwritten previously defined function:'utility.ForEachPair.CB'
Overwritten previously defined function:'utility.ForEachPair.CB'
Overwritten previously defined function:'utility.ForEachPair.CB'
Overwritten previously defined function:'utility.ForEachPair.CB'
Overwritten previously defined function:'utility.ForEachPair.CB'
Overwritten previously defined function:'utility.ForEachPair.CB'
Overwritten previously defined function:'utility.ForEachPair.CB'
Overwritten previously defined function:'utility.ForEachPair.CB'
Overwritten previously defined function:'utility.ForEachPair.CB'
Overwritten previously defined function:'utility.ForEachPair.CB'
Overwritten previously defined function:'utility.ForEachPair.CB'
Overwritten previously defined function:'utility.ForEachPair.CB'
Overwritten previously defined function:'utility.ForEachPair.CB'
Overwritten previously defined function:'utility.ForEachPair.CB'
Overwritten previously defined function:'utility.ForEachPair.CB'
Overwritten previously defined function:'utility.ForEachPair.CB'
Overwritten previously defined function:'utility.ForEachPair.CB'
Overwritten previously defined function:'utility.ForEachPair.CB'
Overwritten previously defined function:'utility.ForEachPair.CB'
Overwritten previously defined function:'utility.ForEachPair.CB'
Overwritten previously defined function:'utility.ForEachPair.CB'
Overwritten previously defined function:'utility.ForEachPair.CB'
Overwritten previously defined function:'utility.ForEachPair.CB'
Overwritten previously defined function:'utility.ForEachPair.CB'
Overwritten previously defined function:'utility.ForEachPair.CB'
Overwritten previously defined function:'utility.ForEachPair.CB'
Overwritten previously defined function:'utility.ForEachPair.CB'
Overwritten previously defined function:'utility.ForEachPair.CB'
Overwritten previously defined function:'utility.ForEachPair.CB'
Overwritten previously defined function:'utility.ForEachPair.CB'
Overwritten previously defined function:'utility.ForEachPair.CB'
Overwritten previously defined function:'utility.ForEachPair.CB'
Overwritten previously defined function:'utility.ForEachPair.CB'
Overwritten previously defined function:'utility.ForEachPair.CB'
Overwritten previously defined function:'utility.ForEachPair.CB'
Overwritten previously defined function:'utility.ForEachPair.CB'
Overwritten previously defined function:'utility.ForEachPair.CB'
Overwritten previously defined function:'utility.ForEachPair.CB'
Overwritten previously defined function:'utility.ForEachPair.CB'
Overwritten previously defined function:'utility.ForEachPair.CB'
Overwritten previously defined function:'utility.ForEachPair.CB'
Overwritten previously defined function:'utility.ForEachPair.CB'
Overwritten previously defined function:'utility.ForEachPair.CB'
Overwritten previously defined function:'utility.ForEachPair.CB'
Overwritten previously defined function:'utility.ForEachPair.CB'
Overwritten previously defined function:'utility.ForEachPair.CB'
Overwritten previously defined function:'utility.ForEachPair.CB'
Overwritten previously defined function:'utility.ForEachPair.CB'
Overwritten previously defined function:'utility.ForEachPair.CB'
Overwritten previously defined function:'utility.ForEachPair.CB'
Overwritten previously defined function:'utility.ForEachPair.CB'
Overwritten previously defined function:'utility.ForEachPair.CB'
Overwritten previously defined function:'utility.ForEachPair.CB'
Overwritten previously defined function:'utility.ForEachPair.CB'
Overwritten previously defined function:'utility.ForEachPair.CB'
Overwritten previously defined function:'utility.ForEachPair.CB'
Overwritten previously defined function:'utility.ForEachPair.CB'
Overwritten previously defined function:'utility.ForEachPair.CB'
Overwritten previously defined function:'utility.ForEachPair.CB'
Overwritten previously defined function:'utility.ForEachPair.CB'
Overwritten previously defined function:'utility.ForEachPair.CB'
Overwritten previously defined function:'utility.ForEachPair.CB'
Overwritten previously defined function:'utility.ForEachPair.CB'
Overwritten previously defined function:'utility.ForEachPair.CB'
Overwritten previously defined function:'utility.ForEachPair.CB'
Overwritten previously defined function:'utility.ForEachPair.CB'
Overwritten previously defined function:'utility.ForEachPair.CB'
Overwritten previously defined function:'utility.ForEachPair.CB'
Overwritten previously defined function:'utility.ForEachPair.CB'
Overwritten previously defined function:'utility.ForEachPair.CB'
Overwritten previously defined function:'utility.ForEachPair.CB'
Overwritten previously defined function:'utility.ForEachPair.CB'
Overwritten previously defined function:'utility.ForEachPair.CB'
Overwritten previously defined function:'utility.ForEachPair.CB'
Overwritten previously defined function:'utility.ForEachPair.CB'
Overwritten previously defined function:'utility.ForEachPair.CB'
Overwritten previously defined function:'utility.ForEachPair.CB'
Overwritten previously defined function:'utility.ForEachPair.CB'
Overwritten previously defined function:'utility.ForEachPair.CB'
Overwritten previously defined function:'utility.ForEachPair.CB'
Overwritten previously defined function:'utility.ForEachPair.CB'
Overwritten previously defined function:'utility.ForEachPair.CB'
Overwritten previously defined function:'utility.ForEachPair.CB'
Overwritten previously defined function:'utility.ForEachPair.CB'
Overwritten previously defined function:'utility.ForEachPair.CB'
Overwritten previously defined function:'utility.ForEachPair.CB'
Overwritten previously defined function:'utility.ForEachPair.CB'
Overwritten previously defined function:'utility.ForEachPair.CB'
Overwritten previously defined function:'utility.ForEachPair.CB'
Overwritten previously defined function:'utility.ForEachPair.CB'
Overwritten previously defined function:'utility.ForEachPair.CB'
Overwritten previously defined function:'utility.ForEachPair.CB'
Overwritten previously defined function:'utility.ForEachPair.CB'
Overwritten previously defined function:'utility.ForEachPair.CB'
Overwritten previously defined function:'utility.ForEachPair.CB'
Overwritten previously defined function:'utility.ForEachPair.CB'
Overwritten previously defined function:'utility.ForEachPair.CB'
Overwritten previously defined function:'utility.ForEachPair.CB'
Overwritten previously defined function:'utility.ForEachPair.CB'
Overwritten previously defined function:'utility.ForEachPair.CB'
Overwritten previously defined function:'utility.ForEachPair.CB'
Overwritten previously defined function:'utility.ForEachPair.CB'
Overwritten previously defined function:'utility.ForEachPair.CB'
Overwritten previously defined function:'utility.ForEachPair.CB'
Overwritten previously defined function:'utility.ForEachPair.CB'
Overwritten previously defined function:'utility.ForEachPair.CB'
Overwritten previously defined function:'utility.ForEachPair.CB'
Overwritten previously defined function:'utility.ForEachPair.CB'
Overwritten previously defined function:'utility.ForEachPair.CB'
Overwritten previously defined function:'utility.ForEachPair.CB'
Overwritten previously defined function:'utility.ForEachPair.CB'
Overwritten previously defined function:'utility.ForEachPair.CB'
Overwritten previously defined function:'utility.ForEachPair.CB'
Overwritten previously defined function:'utility.ForEachPair.CB'
Overwritten previously defined function:'utility.ForEachPair.CB'
Overwritten previously defined function:'utility.ForEachPair.CB'
Overwritten previously defined function:'utility.ForEachPair.CB'
Overwritten previously defined function:'utility.ForEachPair.CB'
Overwritten previously defined function:'utility.ForEachPair.CB'
Overwritten previously defined function:'utility.ForEachPair.CB'
Overwritten previously defined function:'utility.ForEachPair.CB'
Overwritten previously defined function:'utility.ForEachPair.CB'
Overwritten previously defined function:'utility.ForEachPair.CB'
Overwritten previously defined function:'utility.ForEachPair.CB'
Overwritten previously defined function:'utility.ForEachPair.CB'
Overwritten previously defined function:'utility.ForEachPair.CB'
Overwritten previously defined function:'utility.ForEachPair.CB'
Overwritten previously defined function:'utility.ForEachPair.CB'
Overwritten previously defined function:'utility.ForEachPair.CB'
Overwritten previously defined function:'utility.ForEachPair.CB'
Overwritten previously defined function:'utility.ForEachPair.CB'
Overwritten previously defined function:'utility.ForEachPair.CB'
Overwritten previously defined function:'utility.ForEachPair.CB'
Overwritten previously defined function:'utility.ForEachPair.CB'
Overwritten previously defined function:'utility.ForEachPair.CB'
Overwritten previously defined function:'utility.ForEachPair.CB'
Overwritten previously defined function:'utility.ForEachPair.CB'
Overwritten previously defined function:'utility.ForEachPair.CB'
Overwritten previously defined function:'utility.ForEachPair.CB'
Overwritten previously defined function:'utility.ForEachPair.CB'
Overwritten previously defined function:'utility.ForEachPair.CB'
Overwritten previously defined function:'utility.ForEachPair.CB'
Overwritten previously defined function:'utility.ForEachPair.CB'
Overwritten previously defined function:'utility.ForEachPair.CB'
Overwritten previously defined function:'utility.ForEachPair.CB'
Overwritten previously defined function:'utility.ForEachPair.CB'
Overwritten previously defined function:'utility.ForEachPair.CB'
Overwritten previously defined function:'utility.ForEachPair.CB'
Overwritten previously defined function:'utility.ForEachPair.CB'
Overwritten previously defined function:'utility.ForEachPair.CB'
Overwritten previously defined function:'utility.ForEachPair.CB'
Overwritten previously defined function:'utility.ForEachPair.CB'
Overwritten previously defined function:'utility.ForEachPair.CB'
Overwritten previously defined function:'utility.ForEachPair.CB'
Overwritten previously defined function:'utility.ForEachPair.CB'
Overwritten previously defined function:'utility.ForEachPair.CB'
Overwritten previously defined function:'utility.ForEachPair.CB'
Overwritten previously defined function:'utility.ForEachPair.CB'
Overwritten previously defined function:'utility.ForEachPair.CB'
Overwritten previously defined function:'utility.ForEachPair.CB'
Overwritten previously defined function:'utility.ForEachPair.CB'
Overwritten previously defined function:'utility.ForEachPair.CB'
Overwritten previously defined function:'utility.ForEachPair.CB'
Overwritten previously defined function:'utility.ForEachPair.CB'
Overwritten previously defined function:'utility.ForEachPair.CB'
Overwritten previously defined function:'utility.ForEachPair.CB'
Overwritten previously defined function:'utility.ForEachPair.CB'
Overwritten previously defined function:'utility.ForEachPair.CB'
Overwritten previously defined function:'utility.ForEachPair.CB'
Overwritten previously defined function:'utility.ForEachPair.CB'
Overwritten previously defined function:'utility.ForEachPair.CB'
Overwritten previously defined function:'utility.ForEachPair.CB'
Overwritten previously defined function:'utility.ForEachPair.CB'
Overwritten previously defined function:'utility.ForEachPair.CB'
Overwritten previously defined function:'utility.ForEachPair.CB'
Overwritten previously defined function:'utility.ForEachPair.CB'
Overwritten previously defined function:'utility.ForEachPair.CB'
Overwritten previously defined function:'utility.ForEachPair.CB'
Overwritten previously defined function:'utility.ForEachPair.CB'
Overwritten previously defined function:'utility.ForEachPair.CB'
Overwritten previously defined function:'utility.ForEachPair.CB'
Overwritten previously defined function:'utility.ForEachPair.CB'
Overwritten previously defined function:'utility.ForEachPair.CB'
Overwritten previously defined function:'utility.ForEachPair.CB'
Overwritten previously defined function:'utility.ForEachPair.CB'
Overwritten previously defined function:'utility.ForEachPair.CB'
Overwritten previously defined function:'utility.ForEachPair.CB'
Overwritten previously defined function:'utility.ForEachPair.CB'
Overwritten previously defined function:'utility.ForEachPair.CB'
Overwritten previously defined function:'utility.ForEachPair.CB'
Overwritten previously defined function:'utility.ForEachPair.CB'
Overwritten previously defined function:'utility.ForEachPair.CB'
Overwritten previously defined function:'utility.ForEachPair.CB'
Overwritten previously defined function:'utility.ForEachPair.CB'
Overwritten previously defined function:'utility.ForEachPair.CB'
Overwritten previously defined function:'utility.ForEachPair.CB'
Overwritten previously defined function:'utility.ForEachPair.CB'
Overwritten previously defined function:'utility.ForEachPair.CB'
Overwritten previously defined function:'utility.ForEachPair.CB'
Overwritten previously defined function:'utility.ForEachPair.CB'
Overwritten previously defined function:'utility.ForEachPair.CB'
Overwritten previously defined function:'utility.ForEachPair.CB'
Overwritten previously defined function:'utility.ForEachPair.CB'
Overwritten previously defined function:'utility.ForEachPair.CB'
Overwritten previously defined function:'utility.ForEachPair.CB'
Overwritten previously defined function:'utility.ForEachPair.CB'
Overwritten previously defined function:'utility.ForEachPair.CB'
Overwritten previously defined function:'utility.ForEachPair.CB'
Overwritten previously defined function:'utility.ForEachPair.CB'
Overwritten previously defined function:'utility.ForEachPair.CB'
Overwritten previously defined function:'utility.ForEachPair.CB'
Overwritten previously defined function:'utility.ForEachPair.CB'
Overwritten previously defined function:'utility.ForEachPair.CB'
Overwritten previously defined function:'utility.ForEachPair.CB'
Overwritten previously defined function:'utility.ForEachPair.CB'
Overwritten previously defined function:'utility.ForEachPair.CB'
Overwritten previously defined function:'utility.ForEachPair.CB'
Overwritten previously defined function:'utility.ForEachPair.CB'
Overwritten previously defined function:'utility.ForEachPair.CB'
Overwritten previously defined function:'utility.ForEachPair.CB'
Overwritten previously defined function:'utility.ForEachPair.CB'
Overwritten previously defined function:'utility.ForEachPair.CB'
Overwritten previously defined function:'utility.ForEachPair.CB'
Overwritten previously defined function:'utility.ForEachPair.CB'
Overwritten previously defined function:'utility.ForEachPair.CB'
Overwritten previously defined function:'utility.ForEachPair.CB'
Overwritten previously defined function:'utility.ForEachPair.CB'
Overwritten previously defined function:'utility.ForEachPair.CB'
Overwritten previously defined function:'utility.ForEachPair.CB'
Overwritten previously defined function:'utility.ForEachPair.CB'
Overwritten previously defined function:'utility.ForEachPair.CB'
Overwritten previously defined function:'utility.ForEachPair.CB'
Overwritten previously defined function:'utility.ForEachPair.CB'
Overwritten previously defined function:'utility.ForEachPair.CB'
Overwritten previously defined function:'utility.ForEachPair.CB'
Overwritten previously defined function:'utility.ForEachPair.CB'
Overwritten previously defined function:'utility.ForEachPair.CB'
Overwritten previously defined function:'utility.ForEachPair.CB'
Overwritten previously defined function:'utility.ForEachPair.CB'
Overwritten previously defined function:'utility.ForEachPair.CB'
Overwritten previously defined function:'utility.ForEachPair.CB'
Overwritten previously defined function:'utility.ForEachPair.CB'
Overwritten previously defined function:'utility.ForEachPair.CB'
Overwritten previously defined function:'utility.ForEachPair.CB'
Overwritten previously defined function:'utility.ForEachPair.CB'
Overwritten previously defined function:'utility.ForEachPair.CB'
Overwritten previously defined function:'utility.ForEachPair.CB'
Overwritten previously defined function:'utility.ForEachPair.CB'
Overwritten previously defined function:'utility.ForEachPair.CB'
Overwritten previously defined function:'utility.ForEachPair.CB'
Overwritten previously defined function:'utility.ForEachPair.CB'
Overwritten previously defined function:'utility.ForEachPair.CB'
Overwritten previously defined function:'utility.ForEachPair.CB'
Overwritten previously defined function:'utility.ForEachPair.CB'
Overwritten previously defined function:'utility.ForEachPair.CB'
Overwritten previously defined function:'utility.ForEachPair.CB'
Overwritten previously defined function:'utility.ForEachPair.CB'
Overwritten previously defined function:'utility.ForEachPair.CB'
Overwritten previously defined function:'utility.ForEachPair.CB'
Overwritten previously defined function:'utility.ForEachPair.CB'
Overwritten previously defined function:'utility.ForEachPair.CB'
Overwritten previously defined function:'utility.ForEachPair.CB'
Overwritten previously defined function:'utility.ForEachPair.CB'
Overwritten previously defined function:'utility.ForEachPair.CB'
Overwritten previously defined function:'utility.ForEachPair.CB'
Overwritten previously defined function:'utility.ForEachPair.CB'
Overwritten previously defined function:'utility.ForEachPair.CB'
Overwritten previously defined function:'utility.ForEachPair.CB'
Overwritten previously defined function:'utility.ForEachPair.CB'
Overwritten previously defined function:'utility.ForEachPair.CB'
Overwritten previously defined function:'utility.ForEachPair.CB'
Overwritten previously defined function:'utility.ForEachPair.CB'
Overwritten previously defined function:'utility.ForEachPair.CB'
Overwritten previously defined function:'utility.ForEachPair.CB'
Overwritten previously defined function:'utility.ForEachPair.CB'
Overwritten previously defined function:'utility.ForEachPair.CB'
Overwritten previously defined function:'utility.ForEachPair.CB'
Overwritten previously defined function:'utility.ForEachPair.CB'
Overwritten previously defined function:'utility.ForEachPair.CB'
Overwritten previously defined function:'utility.ForEachPair.CB'
Overwritten previously defined function:'utility.ForEachPair.CB'
Overwritten previously defined function:'utility.ForEachPair.CB'
Overwritten previously defined function:'utility.ForEachPair.CB'
Overwritten previously defined function:'utility.ForEachPair.CB'
Overwritten previously defined function:'utility.ForEachPair.CB'
Overwritten previously defined function:'utility.ForEachPair.CB'
Overwritten previously defined function:'utility.ForEachPair.CB'
Overwritten previously defined function:'utility.ForEachPair.CB'
Overwritten previously defined function:'utility.ForEachPair.CB'
Overwritten previously defined function:'utility.ForEachPair.CB'
Overwritten previously defined function:'utility.ForEachPair.CB'
Overwritten previously defined function:'utility.ForEachPair.CB'
Overwritten previously defined function:'utility.ForEachPair.CB'
Overwritten previously defined function:'utility.ForEachPair.CB'
Overwritten previously defined function:'utility.ForEachPair.CB'
Overwritten previously defined function:'utility.ForEachPair.CB'
Overwritten previously defined function:'utility.ForEachPair.CB'
Overwritten previously defined function:'utility.ForEachPair.CB'
Overwritten previously defined function:'utility.ForEachPair.CB'
Overwritten previously defined function:'utility.ForEachPair.CB'
Overwritten previously defined function:'utility.ForEachPair.CB'
Overwritten previously defined function:'utility.ForEachPair.CB'
Overwritten previously defined function:'utility.ForEachPair.CB'
Overwritten previously defined function:'utility.ForEachPair.CB'
Overwritten previously defined function:'utility.ForEachPair.CB'
Overwritten previously defined function:'utility.ForEachPair.CB'
Overwritten previously defined function:'utility.ForEachPair.CB'
Overwritten previously defined function:'utility.ForEachPair.CB'
Overwritten previously defined function:'utility.ForEachPair.CB'
Overwritten previously defined function:'utility.ForEachPair.CB'
Overwritten previously defined function:'utility.ForEachPair.CB'
Variable 'fubar.SdTcVlRG.fubar.SdTcVlRG.k' was not initialized prior to being used
Variable 'fubar.terms.fubar.cache.posterior' was not initialized prior to being used
Variable 'fubar.chains' was not initialized prior to being used
Variable 'USE_JSON_FOR_MATRIX' was not initialized prior to being used