[2J[H            /HYPHY 2.5.2(MP) for Darwin on x86_64\            
***************** TYPES OF STANDARD ANALYSES *****************


	(1) Selection Analyses
	(2) Evolutionary Hypothesis Testing
	(3) Relative evolutionary rate inference
	(4) Coevolutionary analysis
	(5) Basic Analyses
	(6) Codon Selection Analyses
	(7) Compartmentalization
	(8) Data File Tools
	(9) Miscellaneous
	(10) Model Comparison
	(11) Molecular Clock
	(12) Phylogeny Reconstruction
	(13) Positive Selection
	(14) Recombination
	(15) Selection/Recombination
	(16) Relative Rate
	(17) Relative Ratio

 Please select type of analyses you want to list (or press ENTER to process custom batch file):[2J[H***************** FILES IN 'Selection Analyses' ***************** 


	(1) [MEME] Test for episodic site-level selection using MEME (Mixed Effects Model of Evolution).
	(2) [FEL] Test for pervasive site-level selection using FEL (Fixed Effects Likelihood).
	(3) [SLAC] Test for pervasive site-level selection using SLAC (Single Likelihood Ancestor Counting).
	(4) [FUBAR] Test for pervasive site-level selection using FUBAR (Fast Unconstrained Bayesian AppRoximation for inferring selection).
	(5) [BUSTED] Test for episodic gene-wide selection using BUSTED (Branch-site Unrestricted Statistical Test of Episodic Diversification).
	(6) [aBSREL] Test for lineage-specific evolution using the branch-site method aBS-REL (Adaptive Branch-Site Random Effects Likelihood).
	(7) [RELAX] Test for relaxation of selection pressure along a specified set of test branches using RELAX (a random effects test of selection relaxation).
	(8) [FADE] Test a protein alignment for directional selection towards specific amino acids along a specified set of test branches using FADE (a FUBAR Approach to Directional Evolution).

 Please select the analysis you would like to perform (or press ENTER to return to the list of analysis types):[2J[H***************** FILES IN 'Selection Analyses' ***************** 


	(1) [MEME] Test for episodic site-level selection using MEME (Mixed Effects Model of Evolution).
	(2) [FEL] Test for pervasive site-level selection using FEL (Fixed Effects Likelihood).
	(3) [SLAC] Test for pervasive site-level selection using SLAC (Single Likelihood Ancestor Counting).
	(4) [FUBAR] Test for pervasive site-level selection using FUBAR (Fast Unconstrained Bayesian AppRoximation for inferring selection).
	(5) [BUSTED] Test for episodic gene-wide selection using BUSTED (Branch-site Unrestricted Statistical Test of Episodic Diversification).
	(6) [aBSREL] Test for lineage-specific evolution using the branch-site method aBS-REL (Adaptive Branch-Site Random Effects Likelihood).
	(7) [RELAX] Test for relaxation of selection pressure along a specified set of test branches using RELAX (a random effects test of selection relaxation).
	(8) [FADE] Test a protein alignment for directional selection towards specific amino acids along a specified set of test branches using FADE (a FUBAR Approach to Directional Evolution).

 Please select the analysis you would like to perform (or press ENTER to return to the list of analysis types):[2J[H***************** FILES IN 'Selection Analyses' ***************** 


	(1) [MEME] Test for episodic site-level selection using MEME (Mixed Effects Model of Evolution).
	(2) [FEL] Test for pervasive site-level selection using FEL (Fixed Effects Likelihood).
	(3) [SLAC] Test for pervasive site-level selection using SLAC (Single Likelihood Ancestor Counting).
	(4) [FUBAR] Test for pervasive site-level selection using FUBAR (Fast Unconstrained Bayesian AppRoximation for inferring selection).
	(5) [BUSTED] Test for episodic gene-wide selection using BUSTED (Branch-site Unrestricted Statistical Test of Episodic Diversification).
	(6) [aBSREL] Test for lineage-specific evolution using the branch-site method aBS-REL (Adaptive Branch-Site Random Effects Likelihood).
	(7) [RELAX] Test for relaxation of selection pressure along a specified set of test branches using RELAX (a random effects test of selection relaxation).
	(8) [FADE] Test a protein alignment for directional selection towards specific amino acids along a specified set of test branches using FADE (a FUBAR Approach to Directional Evolution).

 Please select the analysis you would like to perform (or press ENTER to return to the list of analysis types):[2J[H***************** FILES IN 'Selection Analyses' ***************** 


	(1) [MEME] Test for episodic site-level selection using MEME (Mixed Effects Model of Evolution).
	(2) [FEL] Test for pervasive site-level selection using FEL (Fixed Effects Likelihood).
	(3) [SLAC] Test for pervasive site-level selection using SLAC (Single Likelihood Ancestor Counting).
	(4) [FUBAR] Test for pervasive site-level selection using FUBAR (Fast Unconstrained Bayesian AppRoximation for inferring selection).
	(5) [BUSTED] Test for episodic gene-wide selection using BUSTED (Branch-site Unrestricted Statistical Test of Episodic Diversification).
	(6) [aBSREL] Test for lineage-specific evolution using the branch-site method aBS-REL (Adaptive Branch-Site Random Effects Likelihood).
	(7) [RELAX] Test for relaxation of selection pressure along a specified set of test branches using RELAX (a random effects test of selection relaxation).
	(8) [FADE] Test a protein alignment for directional selection towards specific amino acids along a specified set of test branches using FADE (a FUBAR Approach to Directional Evolution).

 Please select the analysis you would like to perform (or press ENTER to return to the list of analysis types):
Analysis Description
--------------------
BUSTED (branch-site unrestricted statistical test of episodic
diversification) uses a random effects branch-site model fitted jointly
to all or a subset of tree branches in order to test for alignment-wide
evidence of episodic diversifying selection. Assuming there is evidence
of positive selection (i.e. there is an omega > 1), BUSTED will also
perform a quick evidence-ratio style analysis to explore which
individual sites may have been subject to selection. v2.0 adds support
for synonymous rate variation, and relaxes the test statistic to 0.5
(chi^2_0 + chi^2_2). Version 2.1 adds a grid search for the initial
starting point. Version 2.2 changes the grid search to LHC, and adds an
initial search phase to use adaptive Nedler-Mead. Version 3.0 implements
the option for branch-site variation in synonymous substitution rates 

- __Requirements__: in-frame codon alignment and a phylogenetic tree (optionally annotated
with {})

- __Citation__: *Gene-wide identification of episodic selection*, Mol Biol Evol.
32(5):1365-71

- __Written by__: Sergei L Kosakovsky Pond

- __Contact Information__: spond@temple.edu

- __Analysis Version__: 3.0


>code –> Universal


>Select a coding sequence alignment file (`/Users/danielgomezperez/bioinf_tools/workflows/wsgups/`) Error:
Could not find source dataset file "PROMPT_FOR_FILE" (resolved to '/Users/danielgomezperez/bioinf_tools/workflows/wsgups/All')
Path stack:
	/Users/danielgomezperez/miniconda3/envs/sm/lib/hyphy/
	/Users/danielgomezperez/miniconda3/envs/sm/lib/hyphy/TemplateBatchFiles/SelectionAnalyses/

Function call stack
1 :  [namespace = uZHOzrwV] DataSet ^dataset_name = ReadDataFile(PROMPT_FOR_FILE);

-------
2 :  [namespace = cxFDbogm] code_info=alignments.LoadGeneticCode(None);
-------
3 :  [namespace = VUgYxPXo] return alignments.ReadCodonDataSetFromPath(dataset_name,None);
-------
4 :  return alignments.LoadCodonDataFile(dataset_name,datafilter_name,alignments.ReadCodonDataSet(dataset_name));
-------
5 :  [namespace = busted] codon_data_info=alignments.PromptForGeneticCodeAndAlignment(prefix+".codon_data",prefix+".codon_filter");
-------
6 :  [namespace = busted] load_file("busted");
-------
7 :  namespace 

Step 0.LoadFunctionLibrary("modules/shared-load-file.bf", /Users/danielgomezperez/miniconda3/envs/sm/lib/hyphy/TemplateBatchFiles/SelectionAnalyses/);

Step 1.load_file("busted");;
-------
